# JRE version: Java(TM) SE Runtime Environment (8.0_20-b26) (build 1.8.0_20-b26)
# Java VM: Java HotSpot(TM) 64-Bit Server VM (25.20-b23 mixed mode bsd-amd64 compressed oops)
Heap:
 PSYoungGen      total 130048K, used 129759K [0x000000076ab00000, 0x0000000773e80000, 0x00000007c0000000)
  eden space 120832K, 100% used [0x000000076ab00000,0x0000000772100000,0x0000000772100000)
  from space 9216K, 96% used [0x0000000773580000,0x0000000773e37f00,0x0000000773e80000)
  to   space 10752K, 0% used [0x0000000772980000,0x0000000772980000,0x0000000773400000)
 ParOldGen       total 83968K, used 8502K [0x00000006c0000000, 0x00000006c5200000, 0x000000076ab00000)
  object space 83968K, 10% used [0x00000006c0000000,0x00000006c084dbb8,0x00000006c5200000)
 Metaspace       used 28957K, capacity 29110K, committed 29360K, reserved 1073152K
  class space    used 4885K, capacity 4929K, committed 5040K, reserved 1048576K
GC Heap History (10 events):
Event: 13.435 GC heap before
{Heap before GC invocations=1 (full 0):
 PSYoungGen      total 76288K, used 65536K [0x000000076ab00000, 0x0000000770000000, 0x00000007c0000000)
  eden space 65536K, 100% used [0x000000076ab00000,0x000000076eb00000,0x000000076eb00000)
  from space 10752K, 0% used [0x000000076f580000,0x000000076f580000,0x0000000770000000)
  to   space 10752K, 0% used [0x000000076eb00000,0x000000076eb00000,0x000000076f580000)
 ParOldGen       total 175104K, used 0K [0x00000006c0000000, 0x00000006cab00000, 0x000000076ab00000)
  object space 175104K, 0% used [0x00000006c0000000,0x00000006c0000000,0x00000006cab00000)
 Metaspace       used 12220K, capacity 12342K, committed 12544K, reserved 1060864K
  class space    used 1956K, capacity 2001K, committed 2048K, reserved 1048576K
Event: 13.441 GC heap after
Heap after GC invocations=1 (full 0):
 PSYoungGen      total 76288K, used 7534K [0x000000076ab00000, 0x0000000770000000, 0x00000007c0000000)
  eden space 65536K, 0% used [0x000000076ab00000,0x000000076ab00000,0x000000076eb00000)
  from space 10752K, 70% used [0x000000076eb00000,0x000000076f25ba88,0x000000076f580000)
  to   space 10752K, 0% used [0x000000076f580000,0x000000076f580000,0x0000000770000000)
 ParOldGen       total 175104K, used 16K [0x00000006c0000000, 0x00000006cab00000, 0x000000076ab00000)
  object space 175104K, 0% used [0x00000006c0000000,0x00000006c0004000,0x00000006cab00000)
 Metaspace       used 12220K, capacity 12342K, committed 12544K, reserved 1060864K
  class space    used 1956K, capacity 2001K, committed 2048K, reserved 1048576K
}
Event: 13.933 GC heap before
{Heap before GC invocations=2 (full 0):
 PSYoungGen      total 76288K, used 73070K [0x000000076ab00000, 0x0000000770000000, 0x00000007c0000000)
  eden space 65536K, 100% used [0x000000076ab00000,0x000000076eb00000,0x000000076eb00000)
  from space 10752K, 70% used [0x000000076eb00000,0x000000076f25ba88,0x000000076f580000)
  to   space 10752K, 0% used [0x000000076f580000,0x000000076f580000,0x0000000770000000)
 ParOldGen       total 175104K, used 16K [0x00000006c0000000, 0x00000006cab00000, 0x000000076ab00000)
  object space 175104K, 0% used [0x00000006c0000000,0x00000006c0004000,0x00000006cab00000)
 Metaspace       used 18104K, capacity 18236K, committed 18304K, reserved 1064960K
  class space    used 3628K, capacity 3666K, committed 3712K, reserved 1048576K
Event: 13.941 GC heap after
Heap after GC invocations=2 (full 0):
 PSYoungGen      total 76288K, used 9451K [0x000000076ab00000, 0x0000000770000000, 0x00000007c0000000)
  eden space 65536K, 0% used [0x000000076ab00000,0x000000076ab00000,0x000000076eb00000)
  from space 10752K, 87% used [0x000000076f580000,0x000000076febac00,0x0000000770000000)
  to   space 10752K, 0% used [0x000000076eb00000,0x000000076eb00000,0x000000076f580000)
 ParOldGen       total 175104K, used 24K [0x00000006c0000000, 0x00000006cab00000, 0x000000076ab00000)
  object space 175104K, 0% used [0x00000006c0000000,0x00000006c0006000,0x00000006cab00000)
 Metaspace       used 18104K, capacity 18236K, committed 18304K, reserved 1064960K
  class space    used 3628K, capacity 3666K, committed 3712K, reserved 1048576K
}
Event: 14.245 GC heap before
{Heap before GC invocations=3 (full 0):
 PSYoungGen      total 76288K, used 53273K [0x000000076ab00000, 0x0000000770000000, 0x00000007c0000000)
  eden space 65536K, 66% used [0x000000076ab00000,0x000000076d5cba90,0x000000076eb00000)
  from space 10752K, 87% used [0x000000076f580000,0x000000076febac00,0x0000000770000000)
  to   space 10752K, 0% used [0x000000076eb00000,0x000000076eb00000,0x000000076f580000)
 ParOldGen       total 175104K, used 24K [0x00000006c0000000, 0x00000006cab00000, 0x000000076ab00000)
  object space 175104K, 0% used [0x00000006c0000000,0x00000006c0006000,0x00000006cab00000)
 Metaspace       used 21164K, capacity 21244K, committed 21296K, reserved 1067008K
  class space    used 4067K, capacity 4114K, committed 4144K, reserved 1048576K
Event: 14.251 GC heap after
Heap after GC invocations=3 (full 0):
 PSYoungGen      total 76288K, used 8712K [0x000000076ab00000, 0x0000000774000000, 0x00000007c0000000)
  eden space 65536K, 0% used [0x000000076ab00000,0x000000076ab00000,0x000000076eb00000)
  from space 10752K, 81% used [0x000000076eb00000,0x000000076f382248,0x000000076f580000)
  to   space 10752K, 0% used [0x0000000773580000,0x0000000773580000,0x0000000774000000)
 ParOldGen       total 175104K, used 32K [0x00000006c0000000, 0x00000006cab00000, 0x000000076ab00000)
  object space 175104K, 0% used [0x00000006c0000000,0x00000006c0008000,0x00000006cab00000)
 Metaspace       used 21164K, capacity 21244K, committed 21296K, reserved 1067008K
  class space    used 4067K, capacity 4114K, committed 4144K, reserved 1048576K
}
Event: 14.251 GC heap before
{Heap before GC invocations=4 (full 1):
 PSYoungGen      total 76288K, used 8712K [0x000000076ab00000, 0x0000000774000000, 0x00000007c0000000)
  eden space 65536K, 0% used [0x000000076ab00000,0x000000076ab00000,0x000000076eb00000)
  from space 10752K, 81% used [0x000000076eb00000,0x000000076f382248,0x000000076f580000)
  to   space 10752K, 0% used [0x0000000773580000,0x0000000773580000,0x0000000774000000)
 ParOldGen       total 175104K, used 32K [0x00000006c0000000, 0x00000006cab00000, 0x000000076ab00000)
  object space 175104K, 0% used [0x00000006c0000000,0x00000006c0008000,0x00000006cab00000)
 Metaspace       used 21164K, capacity 21244K, committed 21296K, reserved 1067008K
  class space    used 4067K, capacity 4114K, committed 4144K, reserved 1048576K
Event: 14.277 GC heap after
Heap after GC invocations=4 (full 1):
 PSYoungGen      total 76288K, used 0K [0x000000076ab00000, 0x0000000774000000, 0x00000007c0000000)
  eden space 65536K, 0% used [0x000000076ab00000,0x000000076ab00000,0x000000076eb00000)
  from space 10752K, 0% used [0x000000076eb00000,0x000000076eb00000,0x000000076f580000)
  to   space 10752K, 0% used [0x0000000773580000,0x0000000773580000,0x0000000774000000)
 ParOldGen       total 83968K, used 8494K [0x00000006c0000000, 0x00000006c5200000, 0x000000076ab00000)
  object space 83968K, 10% used [0x00000006c0000000,0x00000006c084bbb8,0x00000006c5200000)
 Metaspace       used 21164K, capacity 21244K, committed 21296K, reserved 1067008K
  class space    used 4067K, capacity 4114K, committed 4144K, reserved 1048576K
}
Event: 15.149 GC heap before
{Heap before GC invocations=5 (full 1):
 PSYoungGen      total 76288K, used 65536K [0x000000076ab00000, 0x0000000774000000, 0x00000007c0000000)
  eden space 65536K, 100% used [0x000000076ab00000,0x000000076eb00000,0x000000076eb00000)
  from space 10752K, 0% used [0x000000076eb00000,0x000000076eb00000,0x000000076f580000)
  to   space 10752K, 0% used [0x0000000773580000,0x0000000773580000,0x0000000774000000)
 ParOldGen       total 83968K, used 8494K [0x00000006c0000000, 0x00000006c5200000, 0x000000076ab00000)
  object space 83968K, 10% used [0x00000006c0000000,0x00000006c084bbb8,0x00000006c5200000)
 Metaspace       used 26733K, capacity 26848K, committed 27056K, reserved 1071104K
  class space    used 4723K, capacity 4761K, committed 4784K, reserved 1048576K
Event: 15.156 GC heap after
Heap after GC invocations=5 (full 1):
 PSYoungGen      total 130048K, used 8927K [0x000000076ab00000, 0x0000000773e80000, 0x00000007c0000000)
  eden space 120832K, 0% used [0x000000076ab00000,0x000000076ab00000,0x0000000772100000)
  from space 9216K, 96% used [0x0000000773580000,0x0000000773e37f00,0x0000000773e80000)
  to   space 10752K, 0% used [0x0000000772980000,0x0000000772980000,0x0000000773400000)
 ParOldGen       total 83968K, used 8502K [0x00000006c0000000, 0x00000006c5200000, 0x000000076ab00000)
  object space 83968K, 10% used [0x00000006c0000000,0x00000006c084dbb8,0x00000006c5200000)
 Metaspace       used 26733K, capacity 26848K, committed 27056K, reserved 1071104K
  class space    used 4723K, capacity 4761K, committed 4784K, reserved 1048576K
}

