# JRE version: Java(TM) SE Runtime Environment (8.0_20-b26) (build 1.8.0_20-b26)
# Java VM: Java HotSpot(TM) 64-Bit Server VM (25.20-b23 mixed mode bsd-amd64 compressed oops)
Heap:
 PSYoungGen      total 1242624K, used 463527K [0x000000076ab00000, 0x00000007c0000000, 0x00000007c0000000)
  eden space 1162240K, 32% used [0x000000076ab00000,0x0000000782153298,0x00000007b1a00000)
  from space 80384K, 99% used [0x00000007b1a00000,0x00000007b68569c0,0x00000007b6880000)
  to   space 119808K, 0% used [0x00000007b8b00000,0x00000007b8b00000,0x00000007c0000000)
 ParOldGen       total 207872K, used 117415K [0x00000006c0000000, 0x00000006ccb00000, 0x000000076ab00000)
  object space 207872K, 56% used [0x00000006c0000000,0x00000006c72a9df8,0x00000006ccb00000)
 Metaspace       used 38915K, capacity 44278K, committed 44336K, reserved 1087488K
  class space    used 6076K, capacity 6906K, committed 6960K, reserved 1048576K
GC Heap History (10 events):
Event: 28.900 GC heap before
{Heap before GC invocations=25 (full 2):
 PSYoungGen      total 1263104K, used 1245837K [0x000000076ab00000, 0x00000007bdf80000, 0x00000007c0000000)
  eden space 1175552K, 100% used [0x000000076ab00000,0x00000007b2700000,0x00000007b2700000)
  from space 87552K, 80% used [0x00000007b8180000,0x00000007bc623728,0x00000007bd700000)
  to   space 92672K, 0% used [0x00000007b2700000,0x00000007b2700000,0x00000007b8180000)
 ParOldGen       total 207872K, used 99395K [0x00000006c0000000, 0x00000006ccb00000, 0x000000076ab00000)
  object space 207872K, 47% used [0x00000006c0000000,0x00000006c6110d28,0x00000006ccb00000)
 Metaspace       used 38876K, capacity 44186K, committed 44336K, reserved 1087488K
  class space    used 6073K, capacity 6902K, committed 6960K, reserved 1048576K
Event: 28.977 GC heap after
Heap after GC invocations=25 (full 2):
 PSYoungGen      total 1268224K, used 76222K [0x000000076ab00000, 0x00000007c0000000, 0x00000007c0000000)
  eden space 1175552K, 0% used [0x000000076ab00000,0x000000076ab00000,0x00000007b2700000)
  from space 92672K, 82% used [0x00000007b2700000,0x00000007b716f9d8,0x00000007b8180000)
  to   space 98816K, 0% used [0x00000007b9f80000,0x00000007b9f80000,0x00000007c0000000)
 ParOldGen       total 207872K, used 99395K [0x00000006c0000000, 0x00000006ccb00000, 0x000000076ab00000)
  object space 207872K, 47% used [0x00000006c0000000,0x00000006c6110d28,0x00000006ccb00000)
 Metaspace       used 38876K, capacity 44186K, committed 44336K, reserved 1087488K
  class space    used 6073K, capacity 6902K, committed 6960K, reserved 1048576K
}
Event: 31.169 GC heap before
{Heap before GC invocations=26 (full 2):
 PSYoungGen      total 1268224K, used 1251774K [0x000000076ab00000, 0x00000007c0000000, 0x00000007c0000000)
  eden space 1175552K, 100% used [0x000000076ab00000,0x00000007b2700000,0x00000007b2700000)
  from space 92672K, 82% used [0x00000007b2700000,0x00000007b716f9d8,0x00000007b8180000)
  to   space 98816K, 0% used [0x00000007b9f80000,0x00000007b9f80000,0x00000007c0000000)
 ParOldGen       total 207872K, used 99395K [0x00000006c0000000, 0x00000006ccb00000, 0x000000076ab00000)
  object space 207872K, 47% used [0x00000006c0000000,0x00000006c6110d28,0x00000006ccb00000)
 Metaspace       used 38886K, capacity 44186K, committed 44336K, reserved 1087488K
  class space    used 6075K, capacity 6902K, committed 6960K, reserved 1048576K
Event: 31.198 GC heap after
Heap after GC invocations=26 (full 2):
 PSYoungGen      total 1285632K, used 81035K [0x000000076ab00000, 0x00000007c0000000, 0x00000007c0000000)
  eden space 1186816K, 0% used [0x000000076ab00000,0x000000076ab00000,0x00000007b3200000)
  from space 98816K, 82% used [0x00000007b9f80000,0x00000007beea2e18,0x00000007c0000000)
  to   space 105472K, 0% used [0x00000007b3200000,0x00000007b3200000,0x00000007b9900000)
 ParOldGen       total 207872K, used 99395K [0x00000006c0000000, 0x00000006ccb00000, 0x000000076ab00000)
  object space 207872K, 47% used [0x00000006c0000000,0x00000006c6110d28,0x00000006ccb00000)
 Metaspace       used 38886K, capacity 44186K, committed 44336K, reserved 1087488K
  class space    used 6075K, capacity 6902K, committed 6960K, reserved 1048576K
}
Event: 33.361 GC heap before
{Heap before GC invocations=27 (full 2):
 PSYoungGen      total 1285632K, used 1267851K [0x000000076ab00000, 0x00000007c0000000, 0x00000007c0000000)
  eden space 1186816K, 100% used [0x000000076ab00000,0x00000007b3200000,0x00000007b3200000)
  from space 98816K, 82% used [0x00000007b9f80000,0x00000007beea2e18,0x00000007c0000000)
  to   space 105472K, 0% used [0x00000007b3200000,0x00000007b3200000,0x00000007b9900000)
 ParOldGen       total 207872K, used 99395K [0x00000006c0000000, 0x00000006ccb00000, 0x000000076ab00000)
  object space 207872K, 47% used [0x00000006c0000000,0x00000006c6110d28,0x00000006ccb00000)
 Metaspace       used 38886K, capacity 44186K, committed 44336K, reserved 1087488K
  class space    used 6075K, capacity 6902K, committed 6960K, reserved 1048576K
Event: 33.383 GC heap after
Heap after GC invocations=27 (full 2):
 PSYoungGen      total 1274880K, used 87998K [0x000000076ab00000, 0x00000007c0000000, 0x00000007c0000000)
  eden space 1186816K, 0% used [0x000000076ab00000,0x000000076ab00000,0x00000007b3200000)
  from space 88064K, 99% used [0x00000007b3200000,0x00000007b87ef888,0x00000007b8800000)
  to   space 113152K, 0% used [0x00000007b9180000,0x00000007b9180000,0x00000007c0000000)
 ParOldGen       total 207872K, used 99395K [0x00000006c0000000, 0x00000006ccb00000, 0x000000076ab00000)
  object space 207872K, 47% used [0x00000006c0000000,0x00000006c6110d28,0x00000006ccb00000)
 Metaspace       used 38886K, capacity 44186K, committed 44336K, reserved 1087488K
  class space    used 6075K, capacity 6902K, committed 6960K, reserved 1048576K
}
Event: 35.898 GC heap before
{Heap before GC invocations=28 (full 2):
 PSYoungGen      total 1274880K, used 1274814K [0x000000076ab00000, 0x00000007c0000000, 0x00000007c0000000)
  eden space 1186816K, 100% used [0x000000076ab00000,0x00000007b3200000,0x00000007b3200000)
  from space 88064K, 99% used [0x00000007b3200000,0x00000007b87ef888,0x00000007b8800000)
  to   space 113152K, 0% used [0x00000007b9180000,0x00000007b9180000,0x00000007c0000000)
 ParOldGen       total 207872K, used 99395K [0x00000006c0000000, 0x00000006ccb00000, 0x000000076ab00000)
  object space 207872K, 47% used [0x00000006c0000000,0x00000006c6110d28,0x00000006ccb00000)
 Metaspace       used 38895K, capacity 44194K, committed 44336K, reserved 1087488K
  class space    used 6075K, capacity 6902K, committed 6960K, reserved 1048576K
Event: 35.928 GC heap after
Heap after GC invocations=28 (full 2):
 PSYoungGen      total 1275392K, used 84890K [0x000000076ab00000, 0x00000007c0000000, 0x00000007c0000000)
  eden space 1162240K, 0% used [0x000000076ab00000,0x000000076ab00000,0x00000007b1a00000)
  from space 113152K, 75% used [0x00000007b9180000,0x00000007be466b80,0x00000007c0000000)
  to   space 117760K, 0% used [0x00000007b1a00000,0x00000007b1a00000,0x00000007b8d00000)
 ParOldGen       total 207872K, used 107489K [0x00000006c0000000, 0x00000006ccb00000, 0x000000076ab00000)
  object space 207872K, 51% used [0x00000006c0000000,0x00000006c68f85f8,0x00000006ccb00000)
 Metaspace       used 38895K, capacity 44194K, committed 44336K, reserved 1087488K
  class space    used 6075K, capacity 6902K, committed 6960K, reserved 1048576K
}
Event: 38.687 GC heap before
{Heap before GC invocations=29 (full 2):
 PSYoungGen      total 1275392K, used 1247130K [0x000000076ab00000, 0x00000007c0000000, 0x00000007c0000000)
  eden space 1162240K, 100% used [0x000000076ab00000,0x00000007b1a00000,0x00000007b1a00000)
  from space 113152K, 75% used [0x00000007b9180000,0x00000007be466b80,0x00000007c0000000)
  to   space 117760K, 0% used [0x00000007b1a00000,0x00000007b1a00000,0x00000007b8d00000)
 ParOldGen       total 207872K, used 107489K [0x00000006c0000000, 0x00000006ccb00000, 0x000000076ab00000)
  object space 207872K, 51% used [0x00000006c0000000,0x00000006c68f85f8,0x00000006ccb00000)
 Metaspace       used 38914K, capacity 44278K, committed 44336K, reserved 1087488K
  class space    used 6076K, capacity 6906K, committed 6960K, reserved 1048576K
Event: 38.706 GC heap after
Heap after GC invocations=29 (full 2):
 PSYoungGen      total 1242624K, used 80218K [0x000000076ab00000, 0x00000007c0000000, 0x00000007c0000000)
  eden space 1162240K, 0% used [0x000000076ab00000,0x000000076ab00000,0x00000007b1a00000)
  from space 80384K, 99% used [0x00000007b1a00000,0x00000007b68569c0,0x00000007b6880000)
  to   space 119808K, 0% used [0x00000007b8b00000,0x00000007b8b00000,0x00000007c0000000)
 ParOldGen       total 207872K, used 117415K [0x00000006c0000000, 0x00000006ccb00000, 0x000000076ab00000)
  object space 207872K, 56% used [0x00000006c0000000,0x00000006c72a9df8,0x00000006ccb00000)
 Metaspace       used 38914K, capacity 44278K, committed 44336K, reserved 1087488K
  class space    used 6076K, capacity 6906K, committed 6960K, reserved 1048576K
}

